<?xml version="1.0" encoding="UTF-8"?>
<testsuite name="TestSuite" time="37.776" tests="5" errors="0" skipped="0" failures="1">
  <properties>
    <property name="java.runtime.name" value="Java(TM) SE Runtime Environment"/>
    <property name="sun.boot.library.path" value="C:\Program Files\Java\jdk1.8.0_181\jre\bin"/>
    <property name="java.vm.version" value="25.181-b13"/>
    <property name="java.vm.vendor" value="Oracle Corporation"/>
    <property name="maven.multiModuleProjectDirectory" value="C:\Users\gupta.manish\git\Flipkart\FlipkartNew03"/>
    <property name="java.vendor.url" value="http://java.oracle.com/"/>
    <property name="path.separator" value=";"/>
    <property name="guice.disable.misplaced.annotation.check" value="true"/>
    <property name="java.vm.name" value="Java HotSpot(TM) 64-Bit Server VM"/>
    <property name="file.encoding.pkg" value="sun.io"/>
    <property name="user.script" value=""/>
    <property name="user.country" value="US"/>
    <property name="sun.java.launcher" value="SUN_STANDARD"/>
    <property name="sun.os.patch.level" value=""/>
    <property name="java.vm.specification.name" value="Java Virtual Machine Specification"/>
    <property name="user.dir" value="C:\Users\gupta.manish\git\Flipkart\FlipkartNew03"/>
    <property name="java.runtime.version" value="1.8.0_181-b13"/>
    <property name="java.awt.graphicsenv" value="sun.awt.Win32GraphicsEnvironment"/>
    <property name="java.endorsed.dirs" value="C:\Program Files\Java\jdk1.8.0_181\jre\lib\endorsed"/>
    <property name="os.arch" value="amd64"/>
    <property name="java.io.tmpdir" value="C:\Users\GUPTA~1.MAN\AppData\Local\Temp\"/>
    <property name="line.separator" value="&#10;"/>
    <property name="java.vm.specification.vendor" value="Oracle Corporation"/>
    <property name="user.variant" value=""/>
    <property name="os.name" value="Windows 10"/>
    <property name="classworlds.conf" value="D:\Code\.metadata\.plugins\org.eclipse.m2e.launching\launches\m2conf4989203410287468703.tmp"/>
    <property name="sun.jnu.encoding" value="Cp1252"/>
    <property name="java.library.path" value="C:\Program Files\Java\jdk1.8.0_181\bin;C:\WINDOWS\Sun\Java\bin;C:\WINDOWS\system32;C:\WINDOWS;C:/Program Files/Java/jre1.8.0_181/bin/server;C:/Program Files/Java/jre1.8.0_181/bin;C:/Program Files/Java/jre1.8.0_181/lib/amd64;C:\Program Files (x86)\Common Files\Oracle\Java\javapath;C:\WINDOWS\system32;C:\WINDOWS;C:\WINDOWS\System32\Wbem;C:\WINDOWS\System32\WindowsPowerShell\v1.0\;C:\Program Files\nodejs\;C:\WINDOWS\System32\OpenSSH\;&quot;C:\Program Files\Java\jdk1.8.0_181\bin;&quot;;&quot;C:\Users\gupta.manish\apache-maven-3.5.4\bin;&quot;;C:\Program Files\Git\cmd;D:\New folder\allure-2.7.0;C:\Users\gupta.manish\apache-maven-3.5.4\bin;C:\Ruby24-x64\bin;C:\Users\gupta.manish\AppData\Local\Microsoft\WindowsApps;C:\Users\gupta.manish\AppData\Roaming\npm;;C:\Users\gupta.manish\Desktop;;."/>
    <property name="java.specification.name" value="Java Platform API Specification"/>
    <property name="java.class.version" value="52.0"/>
    <property name="sun.management.compiler" value="HotSpot 64-Bit Tiered Compilers"/>
    <property name="os.version" value="10.0"/>
    <property name="user.home" value="C:\Users\gupta.manish"/>
    <property name="user.timezone" value="Asia/Calcutta"/>
    <property name="java.awt.printerjob" value="sun.awt.windows.WPrinterJob"/>
    <property name="java.specification.version" value="1.8"/>
    <property name="file.encoding" value="Cp1252"/>
    <property name="user.name" value="gupta.manish"/>
    <property name="java.class.path" value="C:\Users\gupta.manish\.p2\pool\plugins\org.eclipse.m2e.maven.runtime_1.9.0.20180606-2035\jars\plexus-classworlds-2.5.2.jar"/>
    <property name="java.vm.specification.version" value="1.8"/>
    <property name="sun.arch.data.model" value="64"/>
    <property name="java.home" value="C:\Program Files\Java\jdk1.8.0_181\jre"/>
    <property name="sun.java.command" value="org.codehaus.plexus.classworlds.launcher.Launcher -B test"/>
    <property name="java.specification.vendor" value="Oracle Corporation"/>
    <property name="user.language" value="en"/>
    <property name="awt.toolkit" value="sun.awt.windows.WToolkit"/>
    <property name="java.vm.info" value="mixed mode"/>
    <property name="java.version" value="1.8.0_181"/>
    <property name="java.ext.dirs" value="C:\Program Files\Java\jdk1.8.0_181\jre\lib\ext;C:\WINDOWS\Sun\Java\lib\ext"/>
    <property name="sun.boot.class.path" value="C:\Program Files\Java\jdk1.8.0_181\jre\lib\resources.jar;C:\Program Files\Java\jdk1.8.0_181\jre\lib\rt.jar;C:\Program Files\Java\jdk1.8.0_181\jre\lib\sunrsasign.jar;C:\Program Files\Java\jdk1.8.0_181\jre\lib\jsse.jar;C:\Program Files\Java\jdk1.8.0_181\jre\lib\jce.jar;C:\Program Files\Java\jdk1.8.0_181\jre\lib\charsets.jar;C:\Program Files\Java\jdk1.8.0_181\jre\lib\jfr.jar;C:\Program Files\Java\jdk1.8.0_181\jre\classes"/>
    <property name="java.vendor" value="Oracle Corporation"/>
    <property name="maven.home" value="C:\Users\gupta.manish\git\Flipkart\FlipkartNew03\EMBEDDED"/>
    <property name="file.separator" value="\"/>
    <property name="java.vendor.url.bug" value="http://bugreport.sun.com/bugreport/"/>
    <property name="sun.cpu.endian" value="little"/>
    <property name="sun.io.unicode.encoding" value="UnicodeLittle"/>
    <property name="sun.desktop" value="windows"/>
    <property name="sun.cpu.isalist" value="amd64"/>
  </properties>
  <testcase name="flipkart_Login" classname="com.flipkart.testcases.flipkart_TestCases" time="0.574"/>
  <testcase name="flipkart_homepage" classname="com.flipkart.testcases.flipkart_TestCases" time="18.035"/>
  <testcase name="flipkart_Search" classname="com.flipkart.testcases.flipkart_TestCases" time="11.233"/>
  <testcase name="flipkart_cartPage" classname="com.flipkart.testcases.flipkart_TestCases" time="3.314"/>
  <testcase name="generateReport" classname="com.flipkart.testcases.flipkart_TestCases" time="4.62">
    <failure message="org/automationtesting/excelreport/Xl" type="java.lang.NoClassDefFoundError">java.lang.NoClassDefFoundError: org/automationtesting/excelreport/Xl
	at java.net.URLClassLoader.findClass(URLClassLoader.java:381)
	at java.lang.ClassLoader.loadClass(ClassLoader.java:424)
	at sun.misc.Launcher$AppClassLoader.loadClass(Launcher.java:349)
	at java.lang.ClassLoader.loadClass(ClassLoader.java:357)
	at com.flipkart.testcases.flipkart_TestCases.generateReport(flipkart_TestCases.java:190)
</failure>
    <system-out><![CDATA[DEBUG   15379   [freemark] (): Couldn't find template in cache for "Extent.ftl"("en_US", UTF-8, parsed); will try to load it.
DEBUG   15379   [freemark] (): TemplateLoader.findTemplateSource("Extent_en_US.ftl"): Not found
DEBUG   15379   [freemark] (): TemplateLoader.findTemplateSource("Extent_en.ftl"): Not found
DEBUG   15379   [freemark] (): TemplateLoader.findTemplateSource("Extent.ftl"): Found
DEBUG   15379   [freemark] (): Loading template for "Extent.ftl"("en_US", UTF-8, parsed) from "jar:file:/C:/Users/gupta.manish/.m2/repository/com/relevantcodes/extentreports/2.41.2/extentreports-2.41.2.jar!/com/relevantcodes/extentreports/view/Extent.ftl"
12:22:25.498 [main] DEBUG io.qameta.allure.AllureLifecycle - Stop test result container f47d57aa-b682-49f1-8cbb-7e18675dc186
12:22:25.498 [main] DEBUG io.qameta.allure.AllureLifecycle - Stop test group f47d57aa-b682-49f1-8cbb-7e18675dc186
12:22:25.509 [main] DEBUG io.qameta.allure.AllureLifecycle - Start test after 66cf72e8-9b5a-49e3-97cb-fc65953d5405 with parent f2b23af1-d0e2-4874-94e9-6ee3e4623e5c
12:22:25.525 [main] DEBUG io.qameta.allure.AllureLifecycle - Stop test before 66cf72e8-9b5a-49e3-97cb-fc65953d5405
]]></system-out>
  </testcase>
</testsuite>